[ 2019-04-08T15:12:19+08:00 ] 127.0.0.1 127.0.0.1 GET /tpAdmin-master/public/
[ log ] 127.0.0.1/tpAdmin-master/public/ [运行时间：0.066003s][吞吐率：15.15req/s] [内存消耗：1,014.52kb] [文件加载：41]
[ info ] [ LANG ] E:\phpStudy\PHPTutorial\WWW\tpAdmin-master\thinkphp\lang\zh-cn.php
[ info ] [ ROUTE ] array (
  'type' => 'module',
  'module' => 
  array (
    0 => '',
    1 => NULL,
    2 => NULL,
  ),
)
[ info ] [ HEADER ] array (
  'accept-language' => 'en,zh-CN;q=0.9,zh;q=0.8',
  'accept-encoding' => 'gzip, deflate, br',
  'referer' => 'http://127.0.0.1/tpAdmin-master/',
  'accept' => 'text/html,application/xhtml+xml,application/xml;q=0.9,image/webp,image/apng,*/*;q=0.8',
  'user-agent' => 'Mozilla/5.0 (Windows NT 6.1; Win64; x64) AppleWebKit/537.36 (KHTML, like Gecko) Chrome/68.0.3440.106 Safari/537.36',
  'upgrade-insecure-requests' => '1',
  'connection' => 'close',
  'host' => '127.0.0.1',
)
[ info ] [ PARAM ] array (
)
[ info ] [ RUN ] app\index\controller\Index->index[ E:\phpStudy\PHPTutorial\WWW\tpAdmin-master\application\index\controller\Index.php ]
[ info ] [ LOG ] INIT File

---------------------------------------------------------------
[ 2019-04-08T15:13:33+08:00 ] 127.0.0.1 127.0.0.1 GET /tpAdmin-master/public/
[ log ] 127.0.0.1/tpAdmin-master/public/ [运行时间：0.036002s][吞吐率：27.78req/s] [内存消耗：1,014.45kb] [文件加载：41]
[ info ] [ LANG ] E:\phpStudy\PHPTutorial\WWW\tpAdmin-master\thinkphp\lang\zh-cn.php
[ info ] [ ROUTE ] array (
  'type' => 'module',
  'module' => 
  array (
    0 => '',
    1 => NULL,
    2 => NULL,
  ),
)
[ info ] [ HEADER ] array (
  'accept-language' => 'en,zh-CN;q=0.9,zh;q=0.8',
  'accept-encoding' => 'gzip, deflate, br',
  'accept' => 'text/html,application/xhtml+xml,application/xml;q=0.9,image/webp,image/apng,*/*;q=0.8',
  'user-agent' => 'Mozilla/5.0 (Windows NT 6.1; Win64; x64) AppleWebKit/537.36 (KHTML, like Gecko) Chrome/68.0.3440.106 Safari/537.36',
  'upgrade-insecure-requests' => '1',
  'connection' => 'close',
  'host' => '127.0.0.1',
)
[ info ] [ PARAM ] array (
)
[ info ] [ RUN ] app\index\controller\Index->index[ E:\phpStudy\PHPTutorial\WWW\tpAdmin-master\application\index\controller\Index.php ]
[ info ] [ LOG ] INIT File

---------------------------------------------------------------
[ 2019-04-08T15:20:33+08:00 ] 127.0.0.1 127.0.0.1 GET /tpAdmin-master/public/index.php
[ log ] 127.0.0.1/tpAdmin-master/public/index.php [运行时间：0.037002s][吞吐率：27.03req/s] [内存消耗：1,014.41kb] [文件加载：41]
[ info ] [ LANG ] E:\phpStudy\PHPTutorial\WWW\tpAdmin-master\thinkphp\lang\zh-cn.php
[ info ] [ ROUTE ] array (
  'type' => 'module',
  'module' => 
  array (
    0 => '',
    1 => NULL,
    2 => NULL,
  ),
)
[ info ] [ HEADER ] array (
  'accept-language' => 'en,zh-CN;q=0.9,zh;q=0.8',
  'accept-encoding' => 'gzip, deflate, br',
  'accept' => 'text/html,application/xhtml+xml,application/xml;q=0.9,image/webp,image/apng,*/*;q=0.8',
  'user-agent' => 'Mozilla/5.0 (Windows NT 6.1; Win64; x64) AppleWebKit/537.36 (KHTML, like Gecko) Chrome/68.0.3440.106 Safari/537.36',
  'upgrade-insecure-requests' => '1',
  'connection' => 'close',
  'host' => '127.0.0.1',
)
[ info ] [ PARAM ] array (
)
[ info ] [ RUN ] app\index\controller\Index->index[ E:\phpStudy\PHPTutorial\WWW\tpAdmin-master\application\index\controller\Index.php ]
[ info ] [ LOG ] INIT File

---------------------------------------------------------------
[ 2019-04-08T15:20:33+08:00 ] 127.0.0.1 127.0.0.1 GET /tpAdmin-master/public/index.php/admin.html
[ log ] 127.0.0.1/tpAdmin-master/public/index.php/admin.html [运行时间：0.188010s][吞吐率：5.32req/s] [内存消耗：6,078.24kb] [文件加载：69]
[ info ] [ LANG ] E:\phpStudy\PHPTutorial\WWW\tpAdmin-master\thinkphp\lang\zh-cn.php
[ info ] [ ROUTE ] array (
  'type' => 'module',
  'module' => 
  array (
    0 => 'admin',
    1 => NULL,
    2 => NULL,
  ),
)
[ info ] [ HEADER ] array (
  'accept-language' => 'en,zh-CN;q=0.9,zh;q=0.8',
  'accept-encoding' => 'gzip, deflate, br',
  'accept' => 'text/html,application/xhtml+xml,application/xml;q=0.9,image/webp,image/apng,*/*;q=0.8',
  'user-agent' => 'Mozilla/5.0 (Windows NT 6.1; Win64; x64) AppleWebKit/537.36 (KHTML, like Gecko) Chrome/68.0.3440.106 Safari/537.36',
  'upgrade-insecure-requests' => '1',
  'connection' => 'close',
  'host' => '127.0.0.1',
)
[ info ] [ PARAM ] array (
)
[ info ] [ SESSION ] INIT array (
  'id' => '',
  'var_session_id' => '',
  'prefix' => 'think',
  'type' => '',
  'auto_start' => true,
)
[ info ] [ BEHAVIOR ] Run \app\common\behavior\WebLog @module_init [ RunTime:0.045003s ]
[ info ] [ DB ] INIT mysql
[ info ] [ BEHAVIOR ] Run \app\common\behavior\WebLog @app_end [ RunTime:0.090005s ]
[ info ] [ LOG ] INIT File
[ sql ] [ DB ] CONNECT:[ UseTime:0.003000s ] mysql:dbname=tp_map;host=127.0.0.1;charset=utf8
[ sql ] [ SQL ] SHOW COLUMNS FROM `tp_web_log_all` [ RunTime:0.072004s ]
[ sql ] [ SQL ] INSERT INTO `tp_web_log_all` (`uid` , `ip` , `location` , `os` , `browser` , `url` , `module` , `controller` , `action` , `method` , `data` , `create_at`) VALUES (0 , '127.0.0.1' , '本机地址 本机地址  ' , 'Windows 7' , 'Chrome(68.0.3440.106)' , 'http://127.0.0.1/tpAdmin-master/public/index.php/admin.html' , 'admin' , 'Index' , 'index' , 'GET' , 'a:0:{}' , 1554708033) [ RunTime:0.001000s ]

---------------------------------------------------------------
[ 2019-04-08T15:20:33+08:00 ] 127.0.0.1 127.0.0.1 GET /tpAdmin-master/public/index.php/admin/pub/login.html
[ log ] 127.0.0.1/tpAdmin-master/public/index.php/admin/pub/login.html [运行时间：0.109006s][吞吐率：9.17req/s] [内存消耗：6,280.60kb] [文件加载：72]
[ info ] [ LANG ] E:\phpStudy\PHPTutorial\WWW\tpAdmin-master\thinkphp\lang\zh-cn.php
[ info ] [ ROUTE ] array (
  'type' => 'module',
  'module' => 
  array (
    0 => 'admin',
    1 => 'pub',
    2 => 'login',
  ),
)
[ info ] [ HEADER ] array (
  'cookie' => 'PHPSESSID=5f99g8ohlprsb059r7l8e1cfu7',
  'accept-language' => 'en,zh-CN;q=0.9,zh;q=0.8',
  'accept-encoding' => 'gzip, deflate, br',
  'accept' => 'text/html,application/xhtml+xml,application/xml;q=0.9,image/webp,image/apng,*/*;q=0.8',
  'user-agent' => 'Mozilla/5.0 (Windows NT 6.1; Win64; x64) AppleWebKit/537.36 (KHTML, like Gecko) Chrome/68.0.3440.106 Safari/537.36',
  'upgrade-insecure-requests' => '1',
  'connection' => 'close',
  'host' => '127.0.0.1',
)
[ info ] [ PARAM ] array (
)
[ info ] [ SESSION ] INIT array (
  'id' => '',
  'var_session_id' => '',
  'prefix' => 'think',
  'type' => '',
  'auto_start' => true,
)
[ info ] [ BEHAVIOR ] Run \app\common\behavior\WebLog @module_init [ RunTime:0.008001s ]
[ info ] [ RUN ] app\admin\controller\Pub->login[ E:\phpStudy\PHPTutorial\WWW\tpAdmin-master\application\admin\controller\Pub.php ]
[ info ] [ VIEW ] E:\phpStudy\PHPTutorial\WWW\tpAdmin-master\public/../application/admin\view\pub\login.html [ array (
) ]
[ info ] [ DB ] INIT mysql
[ info ] [ BEHAVIOR ] Run \app\common\behavior\WebLog @app_end [ RunTime:0.025002s ]
[ info ] [ LOG ] INIT File
[ sql ] [ DB ] CONNECT:[ UseTime:0.001000s ] mysql:dbname=tp_map;host=127.0.0.1;charset=utf8
[ sql ] [ SQL ] SHOW COLUMNS FROM `tp_web_log_all` [ RunTime:0.013001s ]
[ sql ] [ SQL ] INSERT INTO `tp_web_log_all` (`uid` , `ip` , `location` , `os` , `browser` , `url` , `module` , `controller` , `action` , `method` , `data` , `create_at`) VALUES (0 , '127.0.0.1' , '本机地址 本机地址  ' , 'Windows 7' , 'Chrome(68.0.3440.106)' , 'http://127.0.0.1/tpAdmin-master/public/index.php/admin/pub/login.html' , 'admin' , 'Pub' , 'login' , 'GET' , 'a:0:{}' , 1554708033) [ RunTime:0.000000s ]

---------------------------------------------------------------
[ 2019-04-08T15:20:33+08:00 ] 127.0.0.1 127.0.0.1 GET /tpAdmin-master/public/index.php/captcha.html
[ log ] 127.0.0.1/tpAdmin-master/public/index.php/captcha.html [运行时间：0.085005s][吞吐率：11.76req/s] [内存消耗：1,052.84kb] [文件加载：41]
[ info ] [ LANG ] E:\phpStudy\PHPTutorial\WWW\tpAdmin-master\thinkphp\lang\zh-cn.php
[ info ] [ ROUTE ] array (
  'type' => 'method',
  'method' => 
  array (
    0 => '\\think\\captcha\\CaptchaController',
    1 => 'index',
  ),
  'var' => 
  array (
  ),
)
[ info ] [ HEADER ] array (
  'cookie' => 'PHPSESSID=5f99g8ohlprsb059r7l8e1cfu7',
  'accept-language' => 'en,zh-CN;q=0.9,zh;q=0.8',
  'accept-encoding' => 'gzip, deflate, br',
  'referer' => 'http://127.0.0.1/tpAdmin-master/public/index.php/admin/pub/login.html',
  'accept' => 'image/webp,image/apng,image/*,*/*;q=0.8',
  'user-agent' => 'Mozilla/5.0 (Windows NT 6.1; Win64; x64) AppleWebKit/537.36 (KHTML, like Gecko) Chrome/68.0.3440.106 Safari/537.36',
  'connection' => 'close',
  'host' => '127.0.0.1',
)
[ info ] [ PARAM ] array (
  'id' => '',
)
[ info ] [ RUN ] think\captcha\CaptchaController->index[ E:\phpStudy\PHPTutorial\WWW\tpAdmin-master\vendor\topthink\think-captcha\src\CaptchaController.php ]
[ info ] [ SESSION ] INIT array (
  'id' => '',
  'var_session_id' => '',
  'prefix' => 'think',
  'type' => '',
  'auto_start' => true,
)
[ info ] [ LOG ] INIT File

---------------------------------------------------------------
[ 2019-04-08T15:20:41+08:00 ] 127.0.0.1 127.0.0.1 POST /tpAdmin-master/public/index.php/admin/pub/checklogin.html
[ log ] 127.0.0.1/tpAdmin-master/public/index.php/admin/pub/checklogin.html [运行时间：0.132007s][吞吐率：7.58req/s] [内存消耗：6,104.63kb] [文件加载：69]
[ info ] [ LANG ] E:\phpStudy\PHPTutorial\WWW\tpAdmin-master\thinkphp\lang\zh-cn.php
[ info ] [ ROUTE ] array (
  'type' => 'module',
  'module' => 
  array (
    0 => 'admin',
    1 => 'pub',
    2 => 'checklogin',
  ),
)
[ info ] [ HEADER ] array (
  'cookie' => 'thinkphp_show_page_trace=0|0; PHPSESSID=5f99g8ohlprsb059r7l8e1cfu7',
  'accept-language' => 'en,zh-CN;q=0.9,zh;q=0.8',
  'accept-encoding' => 'gzip, deflate, br',
  'referer' => 'http://127.0.0.1/tpAdmin-master/public/index.php/admin/pub/login.html',
  'content-type' => 'application/x-www-form-urlencoded; charset=UTF-8',
  'user-agent' => 'Mozilla/5.0 (Windows NT 6.1; Win64; x64) AppleWebKit/537.36 (KHTML, like Gecko) Chrome/68.0.3440.106 Safari/537.36',
  'x-requested-with' => 'XMLHttpRequest',
  'origin' => 'http://127.0.0.1',
  'accept' => 'application/json, text/javascript, */*; q=0.01',
  'content-length' => '42',
  'connection' => 'close',
  'host' => '127.0.0.1',
)
[ info ] [ PARAM ] array (
  'account' => '10086',
  'password' => '654321',
  'captcha' => 'eftn',
)
[ info ] [ SESSION ] INIT array (
  'id' => '',
  'var_session_id' => '',
  'prefix' => 'think',
  'type' => '',
  'auto_start' => true,
)
[ info ] [ BEHAVIOR ] Run \app\common\behavior\WebLog @module_init [ RunTime:0.020001s ]
[ info ] [ RUN ] app\admin\controller\Pub->checkLogin[ E:\phpStudy\PHPTutorial\WWW\tpAdmin-master\application\admin\controller\Pub.php ]
[ info ] [ DB ] INIT mysql
[ info ] [ BEHAVIOR ] Run \app\common\behavior\WebLog @app_end [ RunTime:0.014001s ]
[ info ] [ LOG ] INIT File
[ sql ] [ DB ] CONNECT:[ UseTime:0.002001s ] mysql:dbname=tp_map;host=127.0.0.1;charset=utf8
[ sql ] [ SQL ] SHOW COLUMNS FROM `tp_admin_user` [ RunTime:0.013000s ]
[ sql ] [ SQL ] SELECT * FROM `tp_admin_user` WHERE  `account` = '10086'  AND `status` = 1 LIMIT 1 [ RunTime:0.001000s ]
[ sql ] [ SQL ] SHOW COLUMNS FROM `tp_web_log_all` [ RunTime:0.013001s ]
[ sql ] [ SQL ] INSERT INTO `tp_web_log_all` (`uid` , `ip` , `location` , `os` , `browser` , `url` , `module` , `controller` , `action` , `method` , `data` , `create_at`) VALUES (0 , '127.0.0.1' , '本机地址 本机地址  ' , 'Windows 7' , 'Chrome(68.0.3440.106)' , 'http://127.0.0.1/tpAdmin-master/public/index.php/admin/pub/checklogin.html' , 'admin' , 'Pub' , 'checklogin' , 'POST' , 'a:3:{s:7:\"account\";s:5:\"10086\";s:8:\"password\";s:6:\"654321\";s:7:\"captcha\";s:4:\"eftn\";}' , 1554708040) [ RunTime:0.001000s ]

---------------------------------------------------------------
[ 2019-04-08T15:21:08+08:00 ] 127.0.0.1 127.0.0.1 GET /tpAdmin-master/public/index.php/captcha.html?t=1554708068837
[ log ] 127.0.0.1/tpAdmin-master/public/index.php/captcha.html?t=1554708068837 [运行时间：0.076004s][吞吐率：13.16req/s] [内存消耗：1,053.10kb] [文件加载：41]
[ info ] [ LANG ] E:\phpStudy\PHPTutorial\WWW\tpAdmin-master\thinkphp\lang\zh-cn.php
[ info ] [ ROUTE ] array (
  'type' => 'method',
  'method' => 
  array (
    0 => '\\think\\captcha\\CaptchaController',
    1 => 'index',
  ),
  'var' => 
  array (
  ),
)
[ info ] [ HEADER ] array (
  'cookie' => 'PHPSESSID=5f99g8ohlprsb059r7l8e1cfu7',
  'accept-language' => 'en,zh-CN;q=0.9,zh;q=0.8',
  'accept-encoding' => 'gzip, deflate, br',
  'referer' => 'http://127.0.0.1/tpAdmin-master/public/index.php/admin/pub/login.html',
  'accept' => 'image/webp,image/apng,image/*,*/*;q=0.8',
  'user-agent' => 'Mozilla/5.0 (Windows NT 6.1; Win64; x64) AppleWebKit/537.36 (KHTML, like Gecko) Chrome/68.0.3440.106 Safari/537.36',
  'connection' => 'close',
  'host' => '127.0.0.1',
)
[ info ] [ PARAM ] array (
  't' => '1554708068837',
  'id' => '',
)
[ info ] [ RUN ] think\captcha\CaptchaController->index[ E:\phpStudy\PHPTutorial\WWW\tpAdmin-master\vendor\topthink\think-captcha\src\CaptchaController.php ]
[ info ] [ SESSION ] INIT array (
  'id' => '',
  'var_session_id' => '',
  'prefix' => 'think',
  'type' => '',
  'auto_start' => true,
)
[ info ] [ LOG ] INIT File

---------------------------------------------------------------
[ 2019-04-08T15:21:10+08:00 ] 127.0.0.1 127.0.0.1 GET /tpAdmin-master/public/index.php/captcha.html?t=1554708070710
[ log ] 127.0.0.1/tpAdmin-master/public/index.php/captcha.html?t=1554708070710 [运行时间：0.043003s][吞吐率：23.25req/s] [内存消耗：1,053.26kb] [文件加载：41]
[ info ] [ LANG ] E:\phpStudy\PHPTutorial\WWW\tpAdmin-master\thinkphp\lang\zh-cn.php
[ info ] [ ROUTE ] array (
  'type' => 'method',
  'method' => 
  array (
    0 => '\\think\\captcha\\CaptchaController',
    1 => 'index',
  ),
  'var' => 
  array (
  ),
)
[ info ] [ HEADER ] array (
  'cookie' => 'PHPSESSID=5f99g8ohlprsb059r7l8e1cfu7',
  'accept-language' => 'en,zh-CN;q=0.9,zh;q=0.8',
  'accept-encoding' => 'gzip, deflate, br',
  'referer' => 'http://127.0.0.1/tpAdmin-master/public/index.php/admin/pub/login.html',
  'accept' => 'image/webp,image/apng,image/*,*/*;q=0.8',
  'user-agent' => 'Mozilla/5.0 (Windows NT 6.1; Win64; x64) AppleWebKit/537.36 (KHTML, like Gecko) Chrome/68.0.3440.106 Safari/537.36',
  'connection' => 'close',
  'host' => '127.0.0.1',
)
[ info ] [ PARAM ] array (
  't' => '1554708070710',
  'id' => '',
)
[ info ] [ RUN ] think\captcha\CaptchaController->index[ E:\phpStudy\PHPTutorial\WWW\tpAdmin-master\vendor\topthink\think-captcha\src\CaptchaController.php ]
[ info ] [ SESSION ] INIT array (
  'id' => '',
  'var_session_id' => '',
  'prefix' => 'think',
  'type' => '',
  'auto_start' => true,
)
[ info ] [ LOG ] INIT File

---------------------------------------------------------------
[ 2019-04-08T15:21:17+08:00 ] 127.0.0.1 127.0.0.1 POST /tpAdmin-master/public/index.php/admin/pub/checklogin.html
[ log ] 127.0.0.1/tpAdmin-master/public/index.php/admin/pub/checklogin.html [运行时间：0.355020s][吞吐率：2.82req/s] [内存消耗：6,159.62kb] [文件加载：72]
[ info ] [ LANG ] E:\phpStudy\PHPTutorial\WWW\tpAdmin-master\thinkphp\lang\zh-cn.php
[ info ] [ ROUTE ] array (
  'type' => 'module',
  'module' => 
  array (
    0 => 'admin',
    1 => 'pub',
    2 => 'checklogin',
  ),
)
[ info ] [ HEADER ] array (
  'cookie' => 'thinkphp_show_page_trace=0|0; PHPSESSID=5f99g8ohlprsb059r7l8e1cfu7',
  'accept-language' => 'en,zh-CN;q=0.9,zh;q=0.8',
  'accept-encoding' => 'gzip, deflate, br',
  'referer' => 'http://127.0.0.1/tpAdmin-master/public/index.php/admin/pub/login.html',
  'content-type' => 'application/x-www-form-urlencoded; charset=UTF-8',
  'user-agent' => 'Mozilla/5.0 (Windows NT 6.1; Win64; x64) AppleWebKit/537.36 (KHTML, like Gecko) Chrome/68.0.3440.106 Safari/537.36',
  'x-requested-with' => 'XMLHttpRequest',
  'origin' => 'http://127.0.0.1',
  'accept' => 'application/json, text/javascript, */*; q=0.01',
  'content-length' => '42',
  'connection' => 'close',
  'host' => '127.0.0.1',
)
[ info ] [ PARAM ] array (
  'account' => 'admin',
  'password' => '123456',
  'captcha' => 'rqte',
)
[ info ] [ SESSION ] INIT array (
  'id' => '',
  'var_session_id' => '',
  'prefix' => 'think',
  'type' => '',
  'auto_start' => true,
)
[ info ] [ BEHAVIOR ] Run \app\common\behavior\WebLog @module_init [ RunTime:0.009001s ]
[ info ] [ RUN ] app\admin\controller\Pub->checkLogin[ E:\phpStudy\PHPTutorial\WWW\tpAdmin-master\application\admin\controller\Pub.php ]
[ info ] [ DB ] INIT mysql
[ info ] [ CACHE ] INIT File
[ info ] [ BEHAVIOR ] Run \app\common\behavior\WebLog @app_end [ RunTime:0.027001s ]
[ info ] [ LOG ] INIT File
[ sql ] [ DB ] CONNECT:[ UseTime:0.011000s ] mysql:dbname=tp_map;host=127.0.0.1;charset=utf8
[ sql ] [ SQL ] SHOW COLUMNS FROM `tp_admin_user` [ RunTime:0.013001s ]
[ sql ] [ SQL ] SELECT * FROM `tp_admin_user` WHERE  `account` = 'admin'  AND `status` = 1 LIMIT 1 [ RunTime:0.001000s ]
[ sql ] [ SQL ] UPDATE `tp_admin_user`  SET `last_login_time`=1554708077,`login_count`=login_count+1,`last_login_ip`='127.0.0.1'  WHERE  `id` = 1 [ RunTime:0.001000s ]
[ sql ] [ SQL ] SHOW COLUMNS FROM `tp_login_log` [ RunTime:0.014001s ]
[ sql ] [ SQL ] INSERT INTO `tp_login_log` (`uid` , `login_ip` , `login_location` , `login_browser` , `login_os`) VALUES (1 , '127.0.0.1' , '本机地址 本机地址  ' , 'Chrome(68.0.3440.106)' , 'Windows 7') [ RunTime:0.152008s ]
[ sql ] [ SQL ] SHOW COLUMNS FROM `tp_web_log_all` [ RunTime:0.025001s ]
[ sql ] [ SQL ] INSERT INTO `tp_web_log_all` (`uid` , `ip` , `location` , `os` , `browser` , `url` , `module` , `controller` , `action` , `method` , `data` , `create_at`) VALUES (0 , '127.0.0.1' , '本机地址 本机地址  ' , 'Windows 7' , 'Chrome(68.0.3440.106)' , 'http://127.0.0.1/tpAdmin-master/public/index.php/admin/pub/checklogin.html' , 'admin' , 'Pub' , 'checklogin' , 'POST' , 'a:3:{s:7:\"account\";s:5:\"admin\";s:8:\"password\";s:6:\"123456\";s:7:\"captcha\";s:4:\"rqte\";}' , 1554708077) [ RunTime:0.001000s ]

---------------------------------------------------------------
[ 2019-04-08T15:21:18+08:00 ] 127.0.0.1 127.0.0.1 GET /tpAdmin-master/public/index.php/admin/index/index.html
[ log ] 127.0.0.1/tpAdmin-master/public/index.php/admin/index/index.html [运行时间：0.140008s][吞吐率：7.14req/s] [内存消耗：6,385.05kb] [文件加载：75]
[ info ] [ LANG ] E:\phpStudy\PHPTutorial\WWW\tpAdmin-master\thinkphp\lang\zh-cn.php
[ info ] [ ROUTE ] array (
  'type' => 'module',
  'module' => 
  array (
    0 => 'admin',
    1 => 'index',
    2 => 'index',
  ),
)
[ info ] [ HEADER ] array (
  'cookie' => 'PHPSESSID=5f99g8ohlprsb059r7l8e1cfu7',
  'accept-language' => 'en,zh-CN;q=0.9,zh;q=0.8',
  'accept-encoding' => 'gzip, deflate, br',
  'referer' => 'http://127.0.0.1/tpAdmin-master/public/index.php/admin/pub/login.html',
  'accept' => 'text/html,application/xhtml+xml,application/xml;q=0.9,image/webp,image/apng,*/*;q=0.8',
  'user-agent' => 'Mozilla/5.0 (Windows NT 6.1; Win64; x64) AppleWebKit/537.36 (KHTML, like Gecko) Chrome/68.0.3440.106 Safari/537.36',
  'upgrade-insecure-requests' => '1',
  'connection' => 'close',
  'host' => '127.0.0.1',
)
[ info ] [ PARAM ] array (
)
[ info ] [ SESSION ] INIT array (
  'id' => '',
  'var_session_id' => '',
  'prefix' => 'think',
  'type' => '',
  'auto_start' => true,
)
[ info ] [ BEHAVIOR ] Run \app\common\behavior\WebLog @module_init [ RunTime:0.006000s ]
[ info ] [ RUN ] app\admin\controller\Index->index[ E:\phpStudy\PHPTutorial\WWW\tpAdmin-master\application\admin\controller\Index.php ]
[ info ] [ DB ] INIT mysql
[ info ] [ VIEW ] E:\phpStudy\PHPTutorial\WWW\tpAdmin-master\public/../application/admin\view\index\index.html [ array (
  0 => 'groups',
  1 => 'menu',
) ]
[ info ] [ RUN ] app\admin\widget\Index->menu[ E:\phpStudy\PHPTutorial\WWW\tpAdmin-master\application\admin\widget\Index.php ]
[ info ] [ RUN ] app\admin\widget\Index->menu[ E:\phpStudy\PHPTutorial\WWW\tpAdmin-master\application\admin\widget\Index.php ]
[ info ] [ RUN ] app\admin\widget\Index->menu[ E:\phpStudy\PHPTutorial\WWW\tpAdmin-master\application\admin\widget\Index.php ]
[ info ] [ RUN ] app\admin\widget\Index->menu[ E:\phpStudy\PHPTutorial\WWW\tpAdmin-master\application\admin\widget\Index.php ]
[ info ] [ RUN ] app\admin\widget\Index->menu[ E:\phpStudy\PHPTutorial\WWW\tpAdmin-master\application\admin\widget\Index.php ]
[ info ] [ RUN ] app\admin\widget\Index->menu[ E:\phpStudy\PHPTutorial\WWW\tpAdmin-master\application\admin\widget\Index.php ]
[ info ] [ RUN ] app\admin\widget\Index->menu[ E:\phpStudy\PHPTutorial\WWW\tpAdmin-master\application\admin\widget\Index.php ]
[ info ] [ RUN ] app\admin\widget\Index->menu[ E:\phpStudy\PHPTutorial\WWW\tpAdmin-master\application\admin\widget\Index.php ]
[ info ] [ RUN ] app\admin\widget\Index->menu[ E:\phpStudy\PHPTutorial\WWW\tpAdmin-master\application\admin\widget\Index.php ]
[ info ] [ RUN ] app\admin\widget\Index->menu[ E:\phpStudy\PHPTutorial\WWW\tpAdmin-master\application\admin\widget\Index.php ]
[ info ] [ RUN ] app\admin\widget\Index->menu[ E:\phpStudy\PHPTutorial\WWW\tpAdmin-master\application\admin\widget\Index.php ]
[ info ] [ RUN ] app\admin\widget\Index->menu[ E:\phpStudy\PHPTutorial\WWW\tpAdmin-master\application\admin\widget\Index.php ]
[ info ] [ RUN ] app\admin\widget\Index->menu[ E:\phpStudy\PHPTutorial\WWW\tpAdmin-master\application\admin\widget\Index.php ]
[ info ] [ RUN ] app\admin\widget\Index->menu[ E:\phpStudy\PHPTutorial\WWW\tpAdmin-master\application\admin\widget\Index.php ]
[ info ] [ RUN ] app\admin\widget\Index->menu[ E:\phpStudy\PHPTutorial\WWW\tpAdmin-master\application\admin\widget\Index.php ]
[ info ] [ RUN ] app\admin\widget\Index->menu[ E:\phpStudy\PHPTutorial\WWW\tpAdmin-master\application\admin\widget\Index.php ]
[ info ] [ RUN ] app\admin\widget\Index->menu[ E:\phpStudy\PHPTutorial\WWW\tpAdmin-master\application\admin\widget\Index.php ]
[ info ] [ RUN ] app\admin\widget\Index->menu[ E:\phpStudy\PHPTutorial\WWW\tpAdmin-master\application\admin\widget\Index.php ]
[ info ] [ RUN ] app\admin\widget\Index->menu[ E:\phpStudy\PHPTutorial\WWW\tpAdmin-master\application\admin\widget\Index.php ]
[ info ] [ RUN ] app\admin\widget\Index->menu[ E:\phpStudy\PHPTutorial\WWW\tpAdmin-master\application\admin\widget\Index.php ]
[ info ] [ RUN ] app\admin\widget\Index->menu[ E:\phpStudy\PHPTutorial\WWW\tpAdmin-master\application\admin\widget\Index.php ]
[ info ] [ BEHAVIOR ] Run \app\common\behavior\WebLog @app_end [ RunTime:0.013001s ]
[ info ] [ LOG ] INIT File
[ sql ] [ DB ] CONNECT:[ UseTime:0.001000s ] mysql:dbname=tp_map;host=127.0.0.1;charset=utf8
[ sql ] [ SQL ] SHOW COLUMNS FROM `tp_admin_node` [ RunTime:0.013001s ]
[ sql ] [ SQL ] SELECT `id`,`pid`,`name`,`group_id`,`title`,`type` FROM `tp_admin_node` WHERE  (  status=1 AND group_id > 0 ) [ RunTime:0.001000s ]
[ sql ] [ SQL ] SHOW COLUMNS FROM `tp_admin_group` [ RunTime:0.015001s ]
[ sql ] [ SQL ] SELECT `id`,`name`,`icon` FROM `tp_admin_group` WHERE  `id` IN (1,2)  AND `status` = 1 ORDER BY sort asc,id asc [ RunTime:0.001000s ]
[ sql ] [ SQL ] SHOW COLUMNS FROM `tp_web_log_all` [ RunTime:0.012001s ]
[ sql ] [ SQL ] INSERT INTO `tp_web_log_all` (`uid` , `ip` , `location` , `os` , `browser` , `url` , `module` , `controller` , `action` , `method` , `data` , `create_at`) VALUES (1 , '127.0.0.1' , '本机地址 本机地址  ' , 'Windows 7' , 'Chrome(68.0.3440.106)' , 'http://127.0.0.1/tpAdmin-master/public/index.php/admin/index/index.html' , 'admin' , 'Index' , 'index' , 'GET' , 'a:0:{}' , 1554708078) [ RunTime:0.000000s ]

---------------------------------------------------------------
[ 2019-04-08T15:21:18+08:00 ] 127.0.0.1 127.0.0.1 GET /tpAdmin-master/public/index.php/admin/index/welcome.html
[ log ] 127.0.0.1/tpAdmin-master/public/index.php/admin/index/welcome.html [运行时间：0.148008s][吞吐率：6.76req/s] [内存消耗：6,354.94kb] [文件加载：73]
[ info ] [ LANG ] E:\phpStudy\PHPTutorial\WWW\tpAdmin-master\thinkphp\lang\zh-cn.php
[ info ] [ ROUTE ] array (
  'type' => 'module',
  'module' => 
  array (
    0 => 'admin',
    1 => 'index',
    2 => 'welcome',
  ),
)
[ info ] [ HEADER ] array (
  'cookie' => 'PHPSESSID=5f99g8ohlprsb059r7l8e1cfu7',
  'accept-language' => 'en,zh-CN;q=0.9,zh;q=0.8',
  'accept-encoding' => 'gzip, deflate, br',
  'referer' => 'http://127.0.0.1/tpAdmin-master/public/index.php/admin/index/index.html',
  'accept' => 'text/html,application/xhtml+xml,application/xml;q=0.9,image/webp,image/apng,*/*;q=0.8',
  'user-agent' => 'Mozilla/5.0 (Windows NT 6.1; Win64; x64) AppleWebKit/537.36 (KHTML, like Gecko) Chrome/68.0.3440.106 Safari/537.36',
  'upgrade-insecure-requests' => '1',
  'connection' => 'close',
  'host' => '127.0.0.1',
)
[ info ] [ PARAM ] array (
)
[ info ] [ SESSION ] INIT array (
  'id' => '',
  'var_session_id' => '',
  'prefix' => 'think',
  'type' => '',
  'auto_start' => true,
)
[ info ] [ BEHAVIOR ] Run \app\common\behavior\WebLog @module_init [ RunTime:0.009000s ]
[ info ] [ RUN ] app\admin\controller\Index->welcome[ E:\phpStudy\PHPTutorial\WWW\tpAdmin-master\application\admin\controller\Index.php ]
[ info ] [ DB ] INIT mysql
[ info ] [ VIEW ] E:\phpStudy\PHPTutorial\WWW\tpAdmin-master\public/../application/admin\view\index\welcome.html [ array (
  0 => 'last_login_ip',
  1 => 'last_login_loc',
  2 => 'current_login_ip',
  3 => 'current_login_loc',
  4 => 'info',
) ]
[ info ] [ BEHAVIOR ] Run \app\common\behavior\WebLog @app_end [ RunTime:0.015001s ]
[ info ] [ LOG ] INIT File
[ sql ] [ DB ] CONNECT:[ UseTime:0.003001s ] mysql:dbname=tp_map;host=127.0.0.1;charset=utf8
[ sql ] [ SQL ] SHOW COLUMNS FROM `tp_admin_user` [ RunTime:0.018001s ]
[ sql ] [ SQL ] SELECT * FROM `tp_admin_user` WHERE  `id` = 1 LIMIT 1 [ RunTime:0.001000s ]
[ sql ] [ SQL ] SHOW COLUMNS FROM `tp_web_log_all` [ RunTime:0.014001s ]
[ sql ] [ SQL ] INSERT INTO `tp_web_log_all` (`uid` , `ip` , `location` , `os` , `browser` , `url` , `module` , `controller` , `action` , `method` , `data` , `create_at`) VALUES (1 , '127.0.0.1' , '本机地址 本机地址  ' , 'Windows 7' , 'Chrome(68.0.3440.106)' , 'http://127.0.0.1/tpAdmin-master/public/index.php/admin/index/welcome.html' , 'admin' , 'Index' , 'welcome' , 'GET' , 'a:0:{}' , 1554708078) [ RunTime:0.001000s ]

---------------------------------------------------------------
[ 2019-04-08T15:21:24+08:00 ] 127.0.0.1 127.0.0.1 GET /tpAdmin-master/public/index.php/admin/generate/index.html
[ log ] 127.0.0.1/tpAdmin-master/public/index.php/admin/generate/index.html [运行时间：0.112006s][吞吐率：8.93req/s] [内存消耗：6,411.34kb] [文件加载：73]
[ info ] [ LANG ] E:\phpStudy\PHPTutorial\WWW\tpAdmin-master\thinkphp\lang\zh-cn.php
[ info ] [ ROUTE ] array (
  'type' => 'module',
  'module' => 
  array (
    0 => 'admin',
    1 => 'generate',
    2 => 'index',
  ),
)
[ info ] [ HEADER ] array (
  'cookie' => 'PHPSESSID=5f99g8ohlprsb059r7l8e1cfu7',
  'accept-language' => 'en,zh-CN;q=0.9,zh;q=0.8',
  'accept-encoding' => 'gzip, deflate, br',
  'referer' => 'http://127.0.0.1/tpAdmin-master/public/index.php/admin/index/index.html',
  'accept' => 'text/html,application/xhtml+xml,application/xml;q=0.9,image/webp,image/apng,*/*;q=0.8',
  'user-agent' => 'Mozilla/5.0 (Windows NT 6.1; Win64; x64) AppleWebKit/537.36 (KHTML, like Gecko) Chrome/68.0.3440.106 Safari/537.36',
  'upgrade-insecure-requests' => '1',
  'connection' => 'close',
  'host' => '127.0.0.1',
)
[ info ] [ PARAM ] array (
)
[ info ] [ SESSION ] INIT array (
  'id' => '',
  'var_session_id' => '',
  'prefix' => 'think',
  'type' => '',
  'auto_start' => true,
)
[ info ] [ BEHAVIOR ] Run \app\common\behavior\WebLog @module_init [ RunTime:0.006000s ]
[ info ] [ RUN ] app\admin\controller\Generate->index[ E:\phpStudy\PHPTutorial\WWW\tpAdmin-master\application\admin\controller\Generate.php ]
[ info ] [ DB ] INIT mysql
[ info ] [ VIEW ] E:\phpStudy\PHPTutorial\WWW\tpAdmin-master\public/../application/admin\view\generate\index.html [ array (
  0 => 'tables',
) ]
[ info ] [ BEHAVIOR ] Run \app\common\behavior\WebLog @app_end [ RunTime:0.028001s ]
[ info ] [ LOG ] INIT File
[ sql ] [ DB ] CONNECT:[ UseTime:0.001000s ] mysql:dbname=tp_map;host=127.0.0.1;charset=utf8
[ sql ] [ SQL ] SHOW TABLES  [ RunTime:0.001000s ]
[ sql ] [ SQL ] SHOW COLUMNS FROM `tp_web_log_all` [ RunTime:0.020001s ]
[ sql ] [ SQL ] INSERT INTO `tp_web_log_all` (`uid` , `ip` , `location` , `os` , `browser` , `url` , `module` , `controller` , `action` , `method` , `data` , `create_at`) VALUES (1 , '127.0.0.1' , '本机地址 本机地址  ' , 'Windows 7' , 'Chrome(68.0.3440.106)' , 'http://127.0.0.1/tpAdmin-master/public/index.php/admin/generate/index.html' , 'admin' , 'Generate' , 'index' , 'GET' , 'a:0:{}' , 1554708084) [ RunTime:0.000000s ]

---------------------------------------------------------------
[ 2019-04-08T15:21:26+08:00 ] 127.0.0.1 127.0.0.1 GET /tpAdmin-master/public/index.php/admin/demo/excel.html
[ log ] 127.0.0.1/tpAdmin-master/public/index.php/admin/demo/excel.html [运行时间：0.092005s][吞吐率：10.87req/s] [内存消耗：6,276.55kb] [文件加载：73]
[ info ] [ LANG ] E:\phpStudy\PHPTutorial\WWW\tpAdmin-master\thinkphp\lang\zh-cn.php
[ info ] [ ROUTE ] array (
  'type' => 'module',
  'module' => 
  array (
    0 => 'admin',
    1 => 'demo',
    2 => 'excel',
  ),
)
[ info ] [ HEADER ] array (
  'cookie' => 'PHPSESSID=5f99g8ohlprsb059r7l8e1cfu7',
  'accept-language' => 'en,zh-CN;q=0.9,zh;q=0.8',
  'accept-encoding' => 'gzip, deflate, br',
  'referer' => 'http://127.0.0.1/tpAdmin-master/public/index.php/admin/index/index.html',
  'accept' => 'text/html,application/xhtml+xml,application/xml;q=0.9,image/webp,image/apng,*/*;q=0.8',
  'user-agent' => 'Mozilla/5.0 (Windows NT 6.1; Win64; x64) AppleWebKit/537.36 (KHTML, like Gecko) Chrome/68.0.3440.106 Safari/537.36',
  'upgrade-insecure-requests' => '1',
  'connection' => 'close',
  'host' => '127.0.0.1',
)
[ info ] [ PARAM ] array (
)
[ info ] [ SESSION ] INIT array (
  'id' => '',
  'var_session_id' => '',
  'prefix' => 'think',
  'type' => '',
  'auto_start' => true,
)
[ info ] [ BEHAVIOR ] Run \app\common\behavior\WebLog @module_init [ RunTime:0.006000s ]
[ info ] [ RUN ] app\admin\controller\Demo->excel[ E:\phpStudy\PHPTutorial\WWW\tpAdmin-master\application\admin\controller\Demo.php ]
[ info ] [ VIEW ] E:\phpStudy\PHPTutorial\WWW\tpAdmin-master\public/../application/admin\view\demo\excel.html [ array (
) ]
[ info ] [ DB ] INIT mysql
[ info ] [ BEHAVIOR ] Run \app\common\behavior\WebLog @app_end [ RunTime:0.024001s ]
[ info ] [ LOG ] INIT File
[ sql ] [ DB ] CONNECT:[ UseTime:0.001000s ] mysql:dbname=tp_map;host=127.0.0.1;charset=utf8
[ sql ] [ SQL ] SHOW COLUMNS FROM `tp_web_log_all` [ RunTime:0.013000s ]
[ sql ] [ SQL ] INSERT INTO `tp_web_log_all` (`uid` , `ip` , `location` , `os` , `browser` , `url` , `module` , `controller` , `action` , `method` , `data` , `create_at`) VALUES (1 , '127.0.0.1' , '本机地址 本机地址  ' , 'Windows 7' , 'Chrome(68.0.3440.106)' , 'http://127.0.0.1/tpAdmin-master/public/index.php/admin/demo/excel.html' , 'admin' , 'Demo' , 'excel' , 'GET' , 'a:0:{}' , 1554708086) [ RunTime:0.001000s ]

---------------------------------------------------------------
[ 2019-04-08T15:21:30+08:00 ] 127.0.0.1 127.0.0.1 GET /tpAdmin-master/public/index.php/admin/demo/layer.html
[ log ] 127.0.0.1/tpAdmin-master/public/index.php/admin/demo/layer.html [运行时间：0.098005s][吞吐率：10.20req/s] [内存消耗：6,291.13kb] [文件加载：73]
[ info ] [ LANG ] E:\phpStudy\PHPTutorial\WWW\tpAdmin-master\thinkphp\lang\zh-cn.php
[ info ] [ ROUTE ] array (
  'type' => 'module',
  'module' => 
  array (
    0 => 'admin',
    1 => 'demo',
    2 => 'layer',
  ),
)
[ info ] [ HEADER ] array (
  'cookie' => 'thinkphp_show_page_trace=0|0; PHPSESSID=5f99g8ohlprsb059r7l8e1cfu7',
  'accept-language' => 'en,zh-CN;q=0.9,zh;q=0.8',
  'accept-encoding' => 'gzip, deflate, br',
  'referer' => 'http://127.0.0.1/tpAdmin-master/public/index.php/admin/index/index.html',
  'accept' => 'text/html,application/xhtml+xml,application/xml;q=0.9,image/webp,image/apng,*/*;q=0.8',
  'user-agent' => 'Mozilla/5.0 (Windows NT 6.1; Win64; x64) AppleWebKit/537.36 (KHTML, like Gecko) Chrome/68.0.3440.106 Safari/537.36',
  'upgrade-insecure-requests' => '1',
  'connection' => 'close',
  'host' => '127.0.0.1',
)
[ info ] [ PARAM ] array (
)
[ info ] [ SESSION ] INIT array (
  'id' => '',
  'var_session_id' => '',
  'prefix' => 'think',
  'type' => '',
  'auto_start' => true,
)
[ info ] [ BEHAVIOR ] Run \app\common\behavior\WebLog @module_init [ RunTime:0.006001s ]
[ info ] [ RUN ] app\admin\controller\Demo->layer[ E:\phpStudy\PHPTutorial\WWW\tpAdmin-master\application\admin\controller\Demo.php ]
[ info ] [ VIEW ] E:\phpStudy\PHPTutorial\WWW\tpAdmin-master\public/../application/admin\view\demo\layer.html [ array (
) ]
[ info ] [ DB ] INIT mysql
[ info ] [ BEHAVIOR ] Run \app\common\behavior\WebLog @app_end [ RunTime:0.026001s ]
[ info ] [ LOG ] INIT File
[ sql ] [ DB ] CONNECT:[ UseTime:0.000000s ] mysql:dbname=tp_map;host=127.0.0.1;charset=utf8
[ sql ] [ SQL ] SHOW COLUMNS FROM `tp_web_log_all` [ RunTime:0.015001s ]
[ sql ] [ SQL ] INSERT INTO `tp_web_log_all` (`uid` , `ip` , `location` , `os` , `browser` , `url` , `module` , `controller` , `action` , `method` , `data` , `create_at`) VALUES (1 , '127.0.0.1' , '本机地址 本机地址  ' , 'Windows 7' , 'Chrome(68.0.3440.106)' , 'http://127.0.0.1/tpAdmin-master/public/index.php/admin/demo/layer.html' , 'admin' , 'Demo' , 'layer' , 'GET' , 'a:0:{}' , 1554708090) [ RunTime:0.001000s ]

---------------------------------------------------------------
[ 2019-04-08T15:21:31+08:00 ] 127.0.0.1 127.0.0.1 GET /tpAdmin-master/public/index.php/admin/demo/qiniu.html
[ log ] 127.0.0.1/tpAdmin-master/public/index.php/admin/demo/qiniu.html [运行时间：0.105006s][吞吐率：9.52req/s] [内存消耗：6,286.59kb] [文件加载：73]
[ info ] [ LANG ] E:\phpStudy\PHPTutorial\WWW\tpAdmin-master\thinkphp\lang\zh-cn.php
[ info ] [ ROUTE ] array (
  'type' => 'module',
  'module' => 
  array (
    0 => 'admin',
    1 => 'demo',
    2 => 'qiniu',
  ),
)
[ info ] [ HEADER ] array (
  'cookie' => 'thinkphp_show_page_trace=0|0; PHPSESSID=5f99g8ohlprsb059r7l8e1cfu7',
  'accept-language' => 'en,zh-CN;q=0.9,zh;q=0.8',
  'accept-encoding' => 'gzip, deflate, br',
  'referer' => 'http://127.0.0.1/tpAdmin-master/public/index.php/admin/index/index.html',
  'accept' => 'text/html,application/xhtml+xml,application/xml;q=0.9,image/webp,image/apng,*/*;q=0.8',
  'user-agent' => 'Mozilla/5.0 (Windows NT 6.1; Win64; x64) AppleWebKit/537.36 (KHTML, like Gecko) Chrome/68.0.3440.106 Safari/537.36',
  'upgrade-insecure-requests' => '1',
  'connection' => 'close',
  'host' => '127.0.0.1',
)
[ info ] [ PARAM ] array (
)
[ info ] [ SESSION ] INIT array (
  'id' => '',
  'var_session_id' => '',
  'prefix' => 'think',
  'type' => '',
  'auto_start' => true,
)
[ info ] [ BEHAVIOR ] Run \app\common\behavior\WebLog @module_init [ RunTime:0.006000s ]
[ info ] [ RUN ] app\admin\controller\Demo->qiniu[ E:\phpStudy\PHPTutorial\WWW\tpAdmin-master\application\admin\controller\Demo.php ]
[ info ] [ VIEW ] E:\phpStudy\PHPTutorial\WWW\tpAdmin-master\public/../application/admin\view\demo\qiniu.html [ array (
) ]
[ info ] [ DB ] INIT mysql
[ info ] [ BEHAVIOR ] Run \app\common\behavior\WebLog @app_end [ RunTime:0.035002s ]
[ info ] [ LOG ] INIT File
[ sql ] [ DB ] CONNECT:[ UseTime:0.011000s ] mysql:dbname=tp_map;host=127.0.0.1;charset=utf8
[ sql ] [ SQL ] SHOW COLUMNS FROM `tp_web_log_all` [ RunTime:0.014001s ]
[ sql ] [ SQL ] INSERT INTO `tp_web_log_all` (`uid` , `ip` , `location` , `os` , `browser` , `url` , `module` , `controller` , `action` , `method` , `data` , `create_at`) VALUES (1 , '127.0.0.1' , '本机地址 本机地址  ' , 'Windows 7' , 'Chrome(68.0.3440.106)' , 'http://127.0.0.1/tpAdmin-master/public/index.php/admin/demo/qiniu.html' , 'admin' , 'Demo' , 'qiniu' , 'GET' , 'a:0:{}' , 1554708091) [ RunTime:0.001000s ]

---------------------------------------------------------------
[ 2019-04-08T15:21:36+08:00 ] 127.0.0.1 127.0.0.1 GET /tpAdmin-master/public/index.php/admin/admin_group/index.html
[ log ] 127.0.0.1/tpAdmin-master/public/index.php/admin/admin_group/index.html [运行时间：0.125008s][吞吐率：8.00req/s] [内存消耗：6,593.72kb] [文件加载：79]
[ info ] [ LANG ] E:\phpStudy\PHPTutorial\WWW\tpAdmin-master\thinkphp\lang\zh-cn.php
[ info ] [ ROUTE ] array (
  'type' => 'module',
  'module' => 
  array (
    0 => 'admin',
    1 => 'admin_group',
    2 => 'index',
  ),
)
[ info ] [ HEADER ] array (
  'cookie' => 'PHPSESSID=5f99g8ohlprsb059r7l8e1cfu7',
  'accept-language' => 'en,zh-CN;q=0.9,zh;q=0.8',
  'accept-encoding' => 'gzip, deflate, br',
  'referer' => 'http://127.0.0.1/tpAdmin-master/public/index.php/admin/index/index.html',
  'accept' => 'text/html,application/xhtml+xml,application/xml;q=0.9,image/webp,image/apng,*/*;q=0.8',
  'user-agent' => 'Mozilla/5.0 (Windows NT 6.1; Win64; x64) AppleWebKit/537.36 (KHTML, like Gecko) Chrome/68.0.3440.106 Safari/537.36',
  'upgrade-insecure-requests' => '1',
  'connection' => 'close',
  'host' => '127.0.0.1',
)
[ info ] [ PARAM ] array (
)
[ info ] [ SESSION ] INIT array (
  'id' => '',
  'var_session_id' => '',
  'prefix' => 'think',
  'type' => '',
  'auto_start' => true,
)
[ info ] [ BEHAVIOR ] Run \app\common\behavior\WebLog @module_init [ RunTime:0.007001s ]
[ info ] [ RUN ] app\admin\controller\AdminGroup->index[ E:\phpStudy\PHPTutorial\WWW\tpAdmin-master\application\admin\traits\controller\Controller.php ]
[ info ] [ DB ] INIT mysql
[ info ] [ VIEW ] E:\phpStudy\PHPTutorial\WWW\tpAdmin-master\public/../application/admin\view\admin_group\index.html [ array (
  0 => 'list',
  1 => 'count',
  2 => 'page',
  3 => 'numPerPage',
) ]
[ info ] [ BEHAVIOR ] Run \app\common\behavior\WebLog @app_end [ RunTime:0.013001s ]
[ info ] [ LOG ] INIT File
[ sql ] [ DB ] CONNECT:[ UseTime:0.011001s ] mysql:dbname=tp_map;host=127.0.0.1;charset=utf8
[ sql ] [ SQL ] SHOW COLUMNS FROM `tp_admin_group` [ RunTime:0.013000s ]
[ sql ] [ SQL ] SELECT COUNT(*) AS tp_count FROM `tp_admin_group` WHERE  `isdelete` = 0 LIMIT 1 [ RunTime:0.001001s ]
[ sql ] [ SQL ] SELECT * FROM `tp_admin_group` WHERE  `isdelete` = 0 ORDER BY id desc LIMIT 0,20 [ RunTime:0.001000s ]
[ sql ] [ SQL ] SHOW COLUMNS FROM `tp_web_log_all` [ RunTime:0.012001s ]
[ sql ] [ SQL ] INSERT INTO `tp_web_log_all` (`uid` , `ip` , `location` , `os` , `browser` , `url` , `module` , `controller` , `action` , `method` , `data` , `create_at`) VALUES (1 , '127.0.0.1' , '本机地址 本机地址  ' , 'Windows 7' , 'Chrome(68.0.3440.106)' , 'http://127.0.0.1/tpAdmin-master/public/index.php/admin/admin_group/index.html' , 'admin' , 'AdminGroup' , 'index' , 'GET' , 'a:0:{}' , 1554708096) [ RunTime:0.001000s ]

---------------------------------------------------------------
[ 2019-04-08T15:32:12+08:00 ] 127.0.0.1 127.0.0.1 POST /tpAdmin-master/public/index.php/admin/admin_group/saveOrder
[ log ] 127.0.0.1/tpAdmin-master/public/index.php/admin/admin_group/saveOrder [运行时间：0.119007s][吞吐率：8.40req/s] [内存消耗：6,312.89kb] [文件加载：73]
[ info ] [ LANG ] E:\phpStudy\PHPTutorial\WWW\tpAdmin-master\thinkphp\lang\zh-cn.php
[ info ] [ ROUTE ] array (
  'type' => 'module',
  'module' => 
  array (
    0 => 'admin',
    1 => 'admin_group',
    2 => 'saveOrder',
  ),
)
[ info ] [ HEADER ] array (
  'cookie' => 'thinkphp_show_page_trace=0|0; PHPSESSID=5f99g8ohlprsb059r7l8e1cfu7',
  'accept-language' => 'en,zh-CN;q=0.9,zh;q=0.8',
  'accept-encoding' => 'gzip, deflate, br',
  'referer' => 'http://127.0.0.1/tpAdmin-master/public/index.php/admin/admin_group/index.html',
  'content-type' => 'application/x-www-form-urlencoded; charset=UTF-8',
  'user-agent' => 'Mozilla/5.0 (Windows NT 6.1; Win64; x64) AppleWebKit/537.36 (KHTML, like Gecko) Chrome/68.0.3440.106 Safari/537.36',
  'x-requested-with' => 'XMLHttpRequest',
  'origin' => 'http://127.0.0.1',
  'accept' => 'application/json, text/javascript, */*; q=0.01',
  'content-length' => '27',
  'connection' => 'close',
  'host' => '127.0.0.1',
)
[ info ] [ PARAM ] array (
  'sort' => 
  array (
    1 => '2',
    2 => '3',
  ),
)
[ info ] [ SESSION ] INIT array (
  'id' => '',
  'var_session_id' => '',
  'prefix' => 'think',
  'type' => '',
  'auto_start' => true,
)
[ info ] [ BEHAVIOR ] Run \app\common\behavior\WebLog @module_init [ RunTime:0.018001s ]
[ info ] [ RUN ] app\admin\controller\AdminGroup->saveOrder[ E:\phpStudy\PHPTutorial\WWW\tpAdmin-master\application\admin\traits\controller\Controller.php ]
[ info ] [ DB ] INIT mysql
[ info ] [ CACHE ] INIT File
[ info ] [ BEHAVIOR ] Run \app\common\behavior\WebLog @app_end [ RunTime:0.014001s ]
[ info ] [ LOG ] INIT File
[ sql ] [ DB ] CONNECT:[ UseTime:0.003000s ] mysql:dbname=tp_map;host=127.0.0.1;charset=utf8
[ sql ] [ SQL ] SHOW COLUMNS FROM `tp_admin_group` [ RunTime:0.013000s ]
[ sql ] [ SQL ] UPDATE `tp_admin_group`  SET `sort`=2  WHERE  `id` = 1 [ RunTime:0.000000s ]
[ sql ] [ SQL ] UPDATE `tp_admin_group`  SET `sort`=3  WHERE  `id` = 2 [ RunTime:0.001000s ]
[ sql ] [ SQL ] SHOW COLUMNS FROM `tp_web_log_all` [ RunTime:0.013001s ]
[ sql ] [ SQL ] INSERT INTO `tp_web_log_all` (`uid` , `ip` , `location` , `os` , `browser` , `url` , `module` , `controller` , `action` , `method` , `data` , `create_at`) VALUES (1 , '127.0.0.1' , '本机地址 本机地址  ' , 'Windows 7' , 'Chrome(68.0.3440.106)' , 'http://127.0.0.1/tpAdmin-master/public/index.php/admin/admin_group/saveOrder' , 'admin' , 'AdminGroup' , 'saveorder' , 'POST' , 'a:1:{s:4:\"sort\";a:2:{i:1;s:1:\"2\";i:2;s:1:\"3\";}}' , 1554708732) [ RunTime:0.000000s ]

---------------------------------------------------------------
[ 2019-04-08T15:32:14+08:00 ] 127.0.0.1 127.0.0.1 GET /tpAdmin-master/public/index.php/admin/admin_group/recyclebin.html
[ log ] 127.0.0.1/tpAdmin-master/public/index.php/admin/admin_group/recyclebin.html [运行时间：0.128008s][吞吐率：7.81req/s] [内存消耗：6,585.26kb] [文件加载：79]
[ info ] [ LANG ] E:\phpStudy\PHPTutorial\WWW\tpAdmin-master\thinkphp\lang\zh-cn.php
[ info ] [ ROUTE ] array (
  'type' => 'module',
  'module' => 
  array (
    0 => 'admin',
    1 => 'admin_group',
    2 => 'recyclebin',
  ),
)
[ info ] [ HEADER ] array (
  'cookie' => 'thinkphp_show_page_trace=0|0; PHPSESSID=5f99g8ohlprsb059r7l8e1cfu7',
  'accept-language' => 'en,zh-CN;q=0.9,zh;q=0.8',
  'accept-encoding' => 'gzip, deflate, br',
  'referer' => 'http://127.0.0.1/tpAdmin-master/public/index.php/admin/index/index.html',
  'accept' => 'text/html,application/xhtml+xml,application/xml;q=0.9,image/webp,image/apng,*/*;q=0.8',
  'user-agent' => 'Mozilla/5.0 (Windows NT 6.1; Win64; x64) AppleWebKit/537.36 (KHTML, like Gecko) Chrome/68.0.3440.106 Safari/537.36',
  'upgrade-insecure-requests' => '1',
  'connection' => 'close',
  'host' => '127.0.0.1',
)
[ info ] [ PARAM ] array (
)
[ info ] [ SESSION ] INIT array (
  'id' => '',
  'var_session_id' => '',
  'prefix' => 'think',
  'type' => '',
  'auto_start' => true,
)
[ info ] [ BEHAVIOR ] Run \app\common\behavior\WebLog @module_init [ RunTime:0.012000s ]
[ info ] [ RUN ] app\admin\controller\AdminGroup->recycleBin[ E:\phpStudy\PHPTutorial\WWW\tpAdmin-master\application\admin\traits\controller\Controller.php ]
[ info ] [ DB ] INIT mysql
[ info ] [ VIEW ] E:\phpStudy\PHPTutorial\WWW\tpAdmin-master\public/../application/admin\view\admin_group\recyclebin.html [ array (
  0 => 'list',
  1 => 'count',
  2 => 'page',
  3 => 'numPerPage',
) ]
[ info ] [ BEHAVIOR ] Run \app\common\behavior\WebLog @app_end [ RunTime:0.015001s ]
[ info ] [ LOG ] INIT File
[ sql ] [ DB ] CONNECT:[ UseTime:0.001001s ] mysql:dbname=tp_map;host=127.0.0.1;charset=utf8
[ sql ] [ SQL ] SHOW COLUMNS FROM `tp_admin_group` [ RunTime:0.013000s ]
[ sql ] [ SQL ] SELECT COUNT(*) AS tp_count FROM `tp_admin_group` WHERE  `isdelete` = 1 LIMIT 1 [ RunTime:0.001001s ]
[ sql ] [ SQL ] SELECT * FROM `tp_admin_group` WHERE  `isdelete` = 1 ORDER BY id desc LIMIT 0,20 [ RunTime:0.000000s ]
[ sql ] [ SQL ] SHOW COLUMNS FROM `tp_web_log_all` [ RunTime:0.013001s ]
[ sql ] [ SQL ] INSERT INTO `tp_web_log_all` (`uid` , `ip` , `location` , `os` , `browser` , `url` , `module` , `controller` , `action` , `method` , `data` , `create_at`) VALUES (1 , '127.0.0.1' , '本机地址 本机地址  ' , 'Windows 7' , 'Chrome(68.0.3440.106)' , 'http://127.0.0.1/tpAdmin-master/public/index.php/admin/admin_group/recyclebin.html' , 'admin' , 'AdminGroup' , 'recyclebin' , 'GET' , 'a:0:{}' , 1554708734) [ RunTime:0.001000s ]

---------------------------------------------------------------
[ 2019-04-08T15:32:15+08:00 ] 127.0.0.1 127.0.0.1 GET /tpAdmin-master/public/index.php/admin/admin_group/recyclebin.html
[ log ] 127.0.0.1/tpAdmin-master/public/index.php/admin/admin_group/recyclebin.html [运行时间：0.143008s][吞吐率：6.99req/s] [内存消耗：6,416.65kb] [文件加载：76]
[ info ] [ LANG ] E:\phpStudy\PHPTutorial\WWW\tpAdmin-master\thinkphp\lang\zh-cn.php
[ info ] [ ROUTE ] array (
  'type' => 'module',
  'module' => 
  array (
    0 => 'admin',
    1 => 'admin_group',
    2 => 'recyclebin',
  ),
)
[ info ] [ HEADER ] array (
  'cookie' => 'thinkphp_show_page_trace=0|0; PHPSESSID=5f99g8ohlprsb059r7l8e1cfu7',
  'accept-language' => 'en,zh-CN;q=0.9,zh;q=0.8',
  'accept-encoding' => 'gzip, deflate, br',
  'referer' => 'http://127.0.0.1/tpAdmin-master/public/index.php/admin/index/index.html',
  'accept' => 'text/html,application/xhtml+xml,application/xml;q=0.9,image/webp,image/apng,*/*;q=0.8',
  'user-agent' => 'Mozilla/5.0 (Windows NT 6.1; Win64; x64) AppleWebKit/537.36 (KHTML, like Gecko) Chrome/68.0.3440.106 Safari/537.36',
  'upgrade-insecure-requests' => '1',
  'connection' => 'close',
  'host' => '127.0.0.1',
)
[ info ] [ PARAM ] array (
)
[ info ] [ SESSION ] INIT array (
  'id' => '',
  'var_session_id' => '',
  'prefix' => 'think',
  'type' => '',
  'auto_start' => true,
)
[ info ] [ BEHAVIOR ] Run \app\common\behavior\WebLog @module_init [ RunTime:0.009000s ]
[ info ] [ RUN ] app\admin\controller\AdminGroup->recycleBin[ E:\phpStudy\PHPTutorial\WWW\tpAdmin-master\application\admin\traits\controller\Controller.php ]
[ info ] [ DB ] INIT mysql
[ info ] [ VIEW ] E:\phpStudy\PHPTutorial\WWW\tpAdmin-master\public/../application/admin\view\admin_group\recyclebin.html [ array (
  0 => 'list',
  1 => 'count',
  2 => 'page',
  3 => 'numPerPage',
) ]
[ info ] [ BEHAVIOR ] Run \app\common\behavior\WebLog @app_end [ RunTime:0.014000s ]
[ info ] [ LOG ] INIT File
[ sql ] [ DB ] CONNECT:[ UseTime:0.011001s ] mysql:dbname=tp_map;host=127.0.0.1;charset=utf8
[ sql ] [ SQL ] SHOW COLUMNS FROM `tp_admin_group` [ RunTime:0.014001s ]
[ sql ] [ SQL ] SELECT COUNT(*) AS tp_count FROM `tp_admin_group` WHERE  `isdelete` = 1 LIMIT 1 [ RunTime:0.000000s ]
[ sql ] [ SQL ] SELECT * FROM `tp_admin_group` WHERE  `isdelete` = 1 ORDER BY id desc LIMIT 0,20 [ RunTime:0.000000s ]
[ sql ] [ SQL ] SHOW COLUMNS FROM `tp_web_log_all` [ RunTime:0.013000s ]
[ sql ] [ SQL ] INSERT INTO `tp_web_log_all` (`uid` , `ip` , `location` , `os` , `browser` , `url` , `module` , `controller` , `action` , `method` , `data` , `create_at`) VALUES (1 , '127.0.0.1' , '本机地址 本机地址  ' , 'Windows 7' , 'Chrome(68.0.3440.106)' , 'http://127.0.0.1/tpAdmin-master/public/index.php/admin/admin_group/recyclebin.html' , 'admin' , 'AdminGroup' , 'recyclebin' , 'GET' , 'a:0:{}' , 1554708735) [ RunTime:0.001000s ]

---------------------------------------------------------------
